14:37:32:888  INFO 20192 --- [main] com.hmall.item.ItemApplication           : The following 1 profile is active: "local"
14:37:35:770  INFO 20192 --- [main] o.s.cloud.context.scope.GenericScope     : BeanFactory id=555ce0f1-406e-31b6-9b7d-966e27e73263
14:37:36:604  INFO 20192 --- [main] o.s.b.w.embedded.tomcat.TomcatWebServer  : Tomcat initialized with port(s): 8081 (http)
14:37:36:640  INFO 20192 --- [main] o.apache.catalina.core.StandardService   : Starting service [Tomcat]
14:37:36:641  INFO 20192 --- [main] org.apache.catalina.core.StandardEngine  : Starting Servlet engine: [Apache Tomcat/9.0.75]
14:37:37:032  INFO 20192 --- [main] o.a.c.c.C.[Tomcat].[localhost].[/]       : Initializing Spring embedded WebApplicationContext
14:37:37:033  INFO 20192 --- [main] w.s.c.ServletWebServerApplicationContext : Root WebApplicationContext: initialization completed in 4097 ms
14:37:50:209  INFO 20192 --- [main] pertySourcedRequestMappingHandlerMapping : Mapped URL path [/v2/api-docs] onto method [springfox.documentation.swagger2.web.Swagger2ControllerWebMvc#getDocumentation(String, HttpServletRequest)]
14:37:52:488  INFO 23856 --- [main] com.hmall.item.ItemApplication           : The following 1 profile is active: "local"
14:37:53:924  INFO 20192 --- [main] com.alibaba.nacos.common.remote.client   : [RpcClientFactory] create a new rpc client of e1a40a41-5c57-424b-9ceb-ed79b1d88889
14:37:53:925  INFO 20192 --- [main] com.alibaba.nacos.common.remote.client   : [e1a40a41-5c57-424b-9ceb-ed79b1d88889] RpcClient init label, labels = {module=naming, source=sdk}
14:37:53:929  INFO 20192 --- [main] com.alibaba.nacos.common.remote.client   : [e1a40a41-5c57-424b-9ceb-ed79b1d88889] RpcClient init, ServerListFactory = com.alibaba.nacos.client.naming.core.ServerListManager
14:37:53:929  INFO 20192 --- [main] com.alibaba.nacos.common.remote.client   : [e1a40a41-5c57-424b-9ceb-ed79b1d88889] Registry connection listener to current client:com.alibaba.nacos.client.naming.remote.gprc.redo.NamingGrpcRedoService
14:37:53:930  INFO 20192 --- [main] com.alibaba.nacos.common.remote.client   : [e1a40a41-5c57-424b-9ceb-ed79b1d88889] Register server push request handler:com.alibaba.nacos.client.naming.remote.gprc.NamingPushRequestHandler
14:37:53:931  INFO 20192 --- [main] com.alibaba.nacos.common.remote.client   : [e1a40a41-5c57-424b-9ceb-ed79b1d88889] Try to connect to server on start up, server: {serverIp = '192.168.3.79', server main port = 8848}
14:37:54:072  INFO 20192 --- [main] com.alibaba.nacos.common.remote.client   : [e1a40a41-5c57-424b-9ceb-ed79b1d88889] Success to connect to server [192.168.3.79:8848] on start up, connectionId = 1719038273949_172.17.0.1_55378
14:37:54:073  INFO 20192 --- [main] com.alibaba.nacos.common.remote.client   : [e1a40a41-5c57-424b-9ceb-ed79b1d88889] Register server push request handler:com.alibaba.nacos.common.remote.client.RpcClient$ConnectResetRequestHandler
14:37:54:073  INFO 20192 --- [com.alibaba.nacos.client.remote.worker] com.alibaba.nacos.common.remote.client   : [e1a40a41-5c57-424b-9ceb-ed79b1d88889] Notify connected event to listeners.
14:37:54:073  INFO 20192 --- [main] com.alibaba.nacos.common.remote.client   : [e1a40a41-5c57-424b-9ceb-ed79b1d88889] Register server push request handler:com.alibaba.nacos.common.remote.client.RpcClient$$Lambda$473/0x0000000800507c40
14:37:54:334  INFO 20192 --- [main] o.s.b.w.embedded.tomcat.TomcatWebServer  : Tomcat started on port(s): 8081 (http) with context path ''
14:37:54:453  INFO 20192 --- [main] c.a.c.n.registry.NacosServiceRegistry    : nacos registry, DEFAULT_GROUP item-service 192.168.3.79:8081 register finished
14:37:54:724  INFO 20192 --- [nacos-grpc-client-executor-6] com.alibaba.nacos.common.remote.client   : [e1a40a41-5c57-424b-9ceb-ed79b1d88889] Receive server push request, request = NotifySubscriberRequest, requestId = 6
14:37:54:733  INFO 20192 --- [nacos-grpc-client-executor-6] com.alibaba.nacos.common.remote.client   : [e1a40a41-5c57-424b-9ceb-ed79b1d88889] Ack server push request, request = NotifySubscriberRequest, requestId = 6
14:37:55:361  INFO 23856 --- [main] o.s.cloud.context.scope.GenericScope     : BeanFactory id=555ce0f1-406e-31b6-9b7d-966e27e73263
14:37:56:400  INFO 23856 --- [main] o.s.b.w.embedded.tomcat.TomcatWebServer  : Tomcat initialized with port(s): 8083 (http)
14:37:56:425  INFO 23856 --- [main] o.apache.catalina.core.StandardService   : Starting service [Tomcat]
14:37:56:426  INFO 23856 --- [main] org.apache.catalina.core.StandardEngine  : Starting Servlet engine: [Apache Tomcat/9.0.75]
14:37:56:921  INFO 23856 --- [main] o.a.c.c.C.[Tomcat].[localhost].[/]       : Initializing Spring embedded WebApplicationContext
14:37:56:922  INFO 23856 --- [main] w.s.c.ServletWebServerApplicationContext : Root WebApplicationContext: initialization completed in 4395 ms
14:37:58:270  INFO 20192 --- [main] d.s.w.p.DocumentationPluginsBootstrapper : Documentation plugins bootstrapped
14:37:58:277  INFO 20192 --- [main] d.s.w.p.DocumentationPluginsBootstrapper : Found 1 custom documentation plugin(s)
14:37:58:363  INFO 20192 --- [main] s.d.s.w.s.ApiListingReferenceScanner     : Scanning for api listing references
14:37:58:826  INFO 20192 --- [main] com.hmall.item.ItemApplication           : Started ItemApplication in 46.036 seconds (JVM running for 50.251)
14:37:58:836  INFO 20192 --- [main] c.a.c.n.refresh.NacosContextRefresher    : [Nacos Config] Listening config: dataId=item-service.yaml, group=DEFAULT_GROUP
14:37:58:839  INFO 20192 --- [main] c.a.c.n.refresh.NacosContextRefresher    : [Nacos Config] Listening config: dataId=item-service-local.yaml, group=DEFAULT_GROUP
14:37:58:840  INFO 20192 --- [main] c.a.c.n.refresh.NacosContextRefresher    : [Nacos Config] Listening config: dataId=item-service, group=DEFAULT_GROUP
14:38:09:222  INFO 23856 --- [main] pertySourcedRequestMappingHandlerMapping : Mapped URL path [/v2/api-docs] onto method [springfox.documentation.swagger2.web.Swagger2ControllerWebMvc#getDocumentation(String, HttpServletRequest)]
14:38:11:752  INFO 23856 --- [main] com.alibaba.nacos.common.remote.client   : [RpcClientFactory] create a new rpc client of 45d836f7-dae4-4d97-9890-08e860bc9073
14:38:11:752  INFO 23856 --- [main] com.alibaba.nacos.common.remote.client   : [45d836f7-dae4-4d97-9890-08e860bc9073] RpcClient init label, labels = {module=naming, source=sdk}
14:38:11:756  INFO 23856 --- [main] com.alibaba.nacos.common.remote.client   : [45d836f7-dae4-4d97-9890-08e860bc9073] RpcClient init, ServerListFactory = com.alibaba.nacos.client.naming.core.ServerListManager
14:38:11:756  INFO 23856 --- [main] com.alibaba.nacos.common.remote.client   : [45d836f7-dae4-4d97-9890-08e860bc9073] Registry connection listener to current client:com.alibaba.nacos.client.naming.remote.gprc.redo.NamingGrpcRedoService
14:38:11:757  INFO 23856 --- [main] com.alibaba.nacos.common.remote.client   : [45d836f7-dae4-4d97-9890-08e860bc9073] Register server push request handler:com.alibaba.nacos.client.naming.remote.gprc.NamingPushRequestHandler
14:38:11:758  INFO 23856 --- [main] com.alibaba.nacos.common.remote.client   : [45d836f7-dae4-4d97-9890-08e860bc9073] Try to connect to server on start up, server: {serverIp = '192.168.3.79', server main port = 8848}
14:38:11:889  INFO 23856 --- [main] com.alibaba.nacos.common.remote.client   : [45d836f7-dae4-4d97-9890-08e860bc9073] Success to connect to server [192.168.3.79:8848] on start up, connectionId = 1719038291768_172.17.0.1_57026
14:38:11:889  INFO 23856 --- [main] com.alibaba.nacos.common.remote.client   : [45d836f7-dae4-4d97-9890-08e860bc9073] Register server push request handler:com.alibaba.nacos.common.remote.client.RpcClient$ConnectResetRequestHandler
14:38:11:889  INFO 23856 --- [com.alibaba.nacos.client.remote.worker] com.alibaba.nacos.common.remote.client   : [45d836f7-dae4-4d97-9890-08e860bc9073] Notify connected event to listeners.
14:38:11:890  INFO 23856 --- [main] com.alibaba.nacos.common.remote.client   : [45d836f7-dae4-4d97-9890-08e860bc9073] Register server push request handler:com.alibaba.nacos.common.remote.client.RpcClient$$Lambda$473/0x000000080047fc40
14:38:12:016  INFO 23856 --- [main] o.s.b.w.embedded.tomcat.TomcatWebServer  : Tomcat started on port(s): 8083 (http) with context path ''
14:38:12:038  INFO 23856 --- [main] c.a.c.n.registry.NacosServiceRegistry    : nacos registry, DEFAULT_GROUP item-service 192.168.3.79:8083 register finished
14:38:12:506  INFO 20192 --- [nacos-grpc-client-executor-10] com.alibaba.nacos.common.remote.client   : [e1a40a41-5c57-424b-9ceb-ed79b1d88889] Receive server push request, request = NotifySubscriberRequest, requestId = 8
14:38:12:512  INFO 20192 --- [nacos-grpc-client-executor-10] com.alibaba.nacos.common.remote.client   : [e1a40a41-5c57-424b-9ceb-ed79b1d88889] Ack server push request, request = NotifySubscriberRequest, requestId = 8
14:38:12:530  INFO 23856 --- [nacos-grpc-client-executor-6] com.alibaba.nacos.common.remote.client   : [45d836f7-dae4-4d97-9890-08e860bc9073] Receive server push request, request = NotifySubscriberRequest, requestId = 7
14:38:12:533  INFO 23856 --- [nacos-grpc-client-executor-6] com.alibaba.nacos.common.remote.client   : [45d836f7-dae4-4d97-9890-08e860bc9073] Ack server push request, request = NotifySubscriberRequest, requestId = 7
14:38:13:977  INFO 23856 --- [main] d.s.w.p.DocumentationPluginsBootstrapper : Documentation plugins bootstrapped
14:38:13:980  INFO 23856 --- [main] d.s.w.p.DocumentationPluginsBootstrapper : Found 1 custom documentation plugin(s)
14:38:14:014  INFO 23856 --- [main] s.d.s.w.s.ApiListingReferenceScanner     : Scanning for api listing references
14:38:14:211  INFO 23856 --- [main] com.hmall.item.ItemApplication           : Started ItemApplication in 40.443 seconds (JVM running for 45.07)
14:38:14:221  INFO 23856 --- [main] c.a.c.n.refresh.NacosContextRefresher    : [Nacos Config] Listening config: dataId=item-service.yaml, group=DEFAULT_GROUP
14:38:14:222  INFO 23856 --- [main] c.a.c.n.refresh.NacosContextRefresher    : [Nacos Config] Listening config: dataId=item-service-local.yaml, group=DEFAULT_GROUP
14:38:14:222  INFO 23856 --- [main] c.a.c.n.refresh.NacosContextRefresher    : [Nacos Config] Listening config: dataId=item-service, group=DEFAULT_GROUP
