14:37:53:995  INFO 23204 --- [main] com.hmall.user.UserApplication           : Starting UserApplication using Java 11.0.21 on DESKTOP-H0DG4VR with PID 23204 (D:\code\hmall\user-service\target\classes started by Lalique in D:\code\hmall)
14:37:54:007 DEBUG 23204 --- [main] com.hmall.user.UserApplication           : Running with Spring Boot v2.7.12, Spring v5.3.27
14:37:54:007  INFO 23204 --- [main] com.hmall.user.UserApplication           : The following 1 profile is active: "local"
14:37:57:139  INFO 23204 --- [main] .s.d.r.c.RepositoryConfigurationDelegate : Multiple Spring Data modules found, entering strict repository configuration mode
14:37:57:147  INFO 23204 --- [main] .s.d.r.c.RepositoryConfigurationDelegate : Bootstrapping Spring Data Redis repositories in DEFAULT mode.
14:37:57:214  INFO 23204 --- [main] .s.d.r.c.RepositoryConfigurationDelegate : Finished Spring Data repository scanning in 25 ms. Found 0 Redis repository interfaces.
14:37:58:398  INFO 23204 --- [main] o.s.cloud.context.scope.GenericScope     : BeanFactory id=ebcb90eb-9558-3a68-8143-b0b791c64a9e
14:37:59:723  INFO 23204 --- [main] o.s.b.w.embedded.tomcat.TomcatWebServer  : Tomcat initialized with port(s): 8084 (http)
14:37:59:748  INFO 23204 --- [main] o.apache.catalina.core.StandardService   : Starting service [Tomcat]
14:37:59:749  INFO 23204 --- [main] org.apache.catalina.core.StandardEngine  : Starting Servlet engine: [Apache Tomcat/9.0.75]
14:38:00:119  INFO 23204 --- [main] o.a.c.c.C.[Tomcat].[localhost].[/]       : Initializing Spring embedded WebApplicationContext
14:38:00:119  INFO 23204 --- [main] w.s.c.ServletWebServerApplicationContext : Root WebApplicationContext: initialization completed in 5875 ms
14:38:12:966  INFO 23204 --- [main] pertySourcedRequestMappingHandlerMapping : Mapped URL path [/v2/api-docs] onto method [springfox.documentation.swagger2.web.Swagger2ControllerWebMvc#getDocumentation(String, HttpServletRequest)]
14:38:15:891  INFO 23204 --- [main] com.alibaba.nacos.common.remote.client   : [RpcClientFactory] create a new rpc client of e6bfb493-6b2e-482e-a627-665b62e07ecd
14:38:15:957  INFO 23204 --- [main] org.reflections.Reflections              : Reflections took 34 ms to scan 1 urls, producing 3 keys and 6 values 
14:38:16:004  INFO 23204 --- [main] org.reflections.Reflections              : Reflections took 17 ms to scan 1 urls, producing 4 keys and 9 values 
14:38:16:045  INFO 23204 --- [main] org.reflections.Reflections              : Reflections took 35 ms to scan 1 urls, producing 3 keys and 10 values 
14:38:16:051  WARN 23204 --- [main] org.reflections.Reflections              : given scan urls are empty. set urls in the configuration
14:38:16:074  INFO 23204 --- [main] org.reflections.Reflections              : Reflections took 22 ms to scan 1 urls, producing 1 keys and 5 values 
14:38:16:095  INFO 23204 --- [main] org.reflections.Reflections              : Reflections took 16 ms to scan 1 urls, producing 1 keys and 7 values 
14:38:16:114  INFO 23204 --- [main] org.reflections.Reflections              : Reflections took 14 ms to scan 1 urls, producing 2 keys and 8 values 
14:38:16:117  WARN 23204 --- [main] org.reflections.Reflections              : given scan urls are empty. set urls in the configuration
14:38:16:119  INFO 23204 --- [main] com.alibaba.nacos.common.remote.client   : [e6bfb493-6b2e-482e-a627-665b62e07ecd] RpcClient init label, labels = {module=naming, source=sdk}
14:38:16:122  INFO 23204 --- [main] com.alibaba.nacos.common.remote.client   : [e6bfb493-6b2e-482e-a627-665b62e07ecd] RpcClient init, ServerListFactory = com.alibaba.nacos.client.naming.core.ServerListManager
14:38:16:123  INFO 23204 --- [main] com.alibaba.nacos.common.remote.client   : [e6bfb493-6b2e-482e-a627-665b62e07ecd] Registry connection listener to current client:com.alibaba.nacos.client.naming.remote.gprc.redo.NamingGrpcRedoService
14:38:16:124  INFO 23204 --- [main] com.alibaba.nacos.common.remote.client   : [e6bfb493-6b2e-482e-a627-665b62e07ecd] Register server push request handler:com.alibaba.nacos.client.naming.remote.gprc.NamingPushRequestHandler
14:38:16:127  INFO 23204 --- [main] com.alibaba.nacos.common.remote.client   : [e6bfb493-6b2e-482e-a627-665b62e07ecd] Try to connect to server on start up, server: {serverIp = '127.0.0.1', server main port = 8848}
14:38:21:167  INFO 23204 --- [main] com.alibaba.nacos.common.remote.client   : [e6bfb493-6b2e-482e-a627-665b62e07ecd] Success to connect to server [127.0.0.1:8848] on start up, connectionId = 1719038300918_172.17.0.1_46568
14:38:21:168  INFO 23204 --- [com.alibaba.nacos.client.remote.worker] com.alibaba.nacos.common.remote.client   : [e6bfb493-6b2e-482e-a627-665b62e07ecd] Notify connected event to listeners.
14:38:21:170  INFO 23204 --- [main] com.alibaba.nacos.common.remote.client   : [e6bfb493-6b2e-482e-a627-665b62e07ecd] Register server push request handler:com.alibaba.nacos.common.remote.client.RpcClient$ConnectResetRequestHandler
14:38:21:170  INFO 23204 --- [main] com.alibaba.nacos.common.remote.client   : [e6bfb493-6b2e-482e-a627-665b62e07ecd] Register server push request handler:com.alibaba.nacos.common.remote.client.RpcClient$$Lambda$1098/0x00000008007dac40
14:38:21:242  INFO 23204 --- [main] o.s.b.w.embedded.tomcat.TomcatWebServer  : Tomcat started on port(s): 8084 (http) with context path ''
14:38:21:256  INFO 23204 --- [main] c.a.c.n.registry.NacosServiceRegistry    : nacos registry, DEFAULT_GROUP user-service 192.168.3.79:8084 register finished
14:38:21:742  INFO 23204 --- [nacos-grpc-client-executor-9] com.alibaba.nacos.common.remote.client   : [e6bfb493-6b2e-482e-a627-665b62e07ecd] Receive server push request, request = NotifySubscriberRequest, requestId = 9
14:38:21:746  INFO 23204 --- [nacos-grpc-client-executor-9] com.alibaba.nacos.common.remote.client   : [e6bfb493-6b2e-482e-a627-665b62e07ecd] Ack server push request, request = NotifySubscriberRequest, requestId = 9
14:38:22:946  INFO 23204 --- [main] d.s.w.p.DocumentationPluginsBootstrapper : Documentation plugins bootstrapped
14:38:22:951  INFO 23204 --- [main] d.s.w.p.DocumentationPluginsBootstrapper : Found 1 custom documentation plugin(s)
14:38:22:979  INFO 23204 --- [main] s.d.s.w.s.ApiListingReferenceScanner     : Scanning for api listing references
14:38:23:147  INFO 23204 --- [main] com.hmall.user.UserApplication           : Started UserApplication in 33.693 seconds (JVM running for 37.99)
